Change Component Designator: Old Designator=C? New Designator=C371
Change Component Designator: Old Designator=C? New Designator=C372
Change Component Designator: Old Designator=C? New Designator=C373
Change Component Designator: Old Designator=C? New Designator=C374
Change Component Designator: Old Designator=C? New Designator=C375
Change Component Designator: Old Designator=IC? New Designator=IC17
Change Component Designator: Old Designator=IC? New Designator=IC18
Change Component Designator: Old Designator=IC? New Designator=IC19
Change Component Designator: Old Designator=IC? New Designator=IC25
Change Component Designator: Old Designator=IC? New Designator=IC39
Change Component Designator: Old Designator=J? New Designator=J21
Change Component Designator: Old Designator=JMP? New Designator=JMP1
Change Component Designator: Old Designator=R? New Designator=R123
Change Component Designator: Old Designator=R? New Designator=R126
Change Component Designator: Old Designator=R? New Designator=R129
Change Component Designator: Old Designator=R? New Designator=R130
Change Component Designator: Old Designator=R? New Designator=R131
Change Component Designator: Old Designator=R? New Designator=R132
Change Component Designator: Old Designator=R? New Designator=R133
Change Component Designator: Old Designator=R? New Designator=R134
Change Component Designator: Old Designator=R? New Designator=R135
Change Component Designator: Old Designator=R? New Designator=R149
Change Component Designator: Old Designator=R? New Designator=R166
Change Component Designator: Old Designator=R? New Designator=R167
