Removed Member From Class: ClassName=FX3_NETIC Member=NetIC13_B3
Removed Member From Class: ClassName=FX3_NETIC Member=NetIC13_C8
Removed Member From Class: ClassName=FX3_NETIC Member=NetIC13_D11
Removed Member From Class: ClassName=FX3_NETIC Member=NetIC13_F7
Removed Member From Class: ClassName=FX3_NETIC Member=NetIC13_F8
Removed Member From Class: ClassName=FX3_NETIC Member=NetIC13_F9
Removed Member From Class: ClassName=FX3_NETIC Member=NetIC13_F10
Removed Member From Class: ClassName=FX3_NETIC Member=NetIC13_G5
Removed Member From Class: ClassName=FX3_NETIC Member=NetIC13_G6
Removed Member From Class: ClassName=FX3_NETIC Member=NetIC13_G7
Removed Member From Class: ClassName=FX3_NETIC Member=NetIC13_G8
Removed Member From Class: ClassName=FX3_NETIC Member=NetIC13_G9
Removed Member From Class: ClassName=FX3_NETIC Member=NetIC13_G10
Removed Member From Class: ClassName=FX3_NETIC Member=NetIC13_H5
Removed Member From Class: ClassName=FX3_NETIC Member=NetIC13_H7
Removed Member From Class: ClassName=FX3_NETIC Member=NetIC13_H8
Removed Member From Class: ClassName=FX3_NETIC Member=NetIC13_H9
Removed Member From Class: ClassName=FX3_NETIC Member=NetIC13_H10
Removed Member From Class: ClassName=FX3_NETIC Member=NetIC13_J5
Removed Member From Class: ClassName=FX3_NETIC Member=NetIC13_J6
Removed Member From Class: ClassName=FX3_NETIC Member=NetIC13_J7
Removed Member From Class: ClassName=FX3_NETIC Member=NetIC13_J8
Removed Member From Class: ClassName=FX3_NETIC Member=NetIC13_J9
Removed Member From Class: ClassName=FX3_NETIC Member=NetIC13_J10
Removed Member From Class: ClassName=FX3_NETIC Member=NetIC13_K6
Removed Member From Class: ClassName=FX3_NETIC Member=NetIC13_K7
Removed Member From Class: ClassName=FX3_NETIC Member=NetIC13_K8
Removed Member From Class: ClassName=FX3_NETIC Member=NetIC13_K9
Removed Member From Class: ClassName=FX3_NETIC Member=NetIC13_K10
Removed Member From Class: ClassName=FX3_NETIC Member=NetIC13_K11
Removed Member From Class: ClassName=FX3_NETIC Member=NetIC13_L10
Change Class Name : Old Net Name=FX3_NETIC New Net Name=FX3_DQNET
Added Member To Class: ClassName=FX3_DQNET Member=Wire BRDG_INT
