Added Member To Class: ClassName=FX3_DQNET Member=Element[13]: FX3_CTL
Added Member To Class: ClassName=FX3_DQNET Member=Element[14]: FX3_CTL
Added Member To Class: ClassName=FX3_DQNET Member=Wire NetIC13_F7
Added Member To Class: ClassName=FX3_DQNET Member=Wire NetIC13_F8
Added Member To Class: ClassName=FX3_DQNET Member=Wire NetIC13_F9
Added Member To Class: ClassName=FX3_DQNET Member=Wire NetIC13_F10
Added Member To Class: ClassName=FX3_DQNET Member=Wire NetIC13_G5
Added Member To Class: ClassName=FX3_DQNET Member=Wire NetIC13_G6
Added Member To Class: ClassName=FX3_DQNET Member=Wire NetIC13_G7
Added Member To Class: ClassName=FX3_DQNET Member=Wire NetIC13_G8
Added Member To Class: ClassName=FX3_DQNET Member=Wire NetIC13_G9
Added Member To Class: ClassName=FX3_DQNET Member=Wire NetIC13_G10
Added Member To Class: ClassName=FX3_DQNET Member=Wire NetIC13_H5
Added Member To Class: ClassName=FX3_DQNET Member=Wire NetIC13_H7
Added Member To Class: ClassName=FX3_DQNET Member=Wire NetIC13_H8
Added Member To Class: ClassName=FX3_DQNET Member=Wire NetIC13_H9
Added Member To Class: ClassName=FX3_DQNET Member=Wire NetIC13_H10
Added Member To Class: ClassName=FX3_DQNET Member=Wire NetIC13_J5
Added Member To Class: ClassName=FX3_DQNET Member=Wire NetIC13_J6
Added Member To Class: ClassName=FX3_DQNET Member=Wire NetIC13_J7
Added Member To Class: ClassName=FX3_DQNET Member=Wire NetIC13_J8
Added Member To Class: ClassName=FX3_DQNET Member=Wire NetIC13_J9
Added Member To Class: ClassName=FX3_DQNET Member=Wire NetIC13_J10
Added Member To Class: ClassName=FX3_DQNET Member=Wire NetIC13_K6
Added Member To Class: ClassName=FX3_DQNET Member=Wire NetIC13_K7
Added Member To Class: ClassName=FX3_DQNET Member=Wire NetIC13_K8
Added Member To Class: ClassName=FX3_DQNET Member=Wire NetIC13_K9
Added Member To Class: ClassName=FX3_DQNET Member=Wire NetIC13_K10
Added Member To Class: ClassName=FX3_DQNET Member=Wire NetIC13_K11
Added Member To Class: ClassName=FX3_DQNET Member=Wire NetIC13_L10
