Removed Pin From Net: NetName=VCC6P5 Pin=C400-2
Removed Pin From Net: NetName=GND Pin=IC16-1
Removed Pin From Net: NetName=NetC399_2 Pin=IC16-2
Removed Pin From Net: NetName=NetC399_2 Pin=IC16-2
Removed Pin From Net: NetName=VCC6P5 Pin=IC16-3
Removed Member From Class: ClassName=BoardPowerSupply Member=C399
Removed Member From Class: ClassName=BoardPowerSupply Member=C400
Removed Member From Class: ClassName=BoardPowerSupply Member=IC16
Removed Member From Class: ClassName=BoardPowerSupply Member=R185
Change Component Footprint: Designator=C390 Old Footprint=CAP1206 New Footprint=CAP1206
Change Component Footprint: Designator=IC16 Old Footprint=SOT223 New Footprint=SOT23-5
Change Component Comment : Designator=IC16 Old Comment=LM1117IMPX-5.0 New Comment=TPS70950
Added Pin To Net: NetName=VCC5P0_USB Pin=C400-2
Added Pin To Net: NetName=VCC5P0_USB Pin=IC16-1
Added Pin To Net: NetName=GND Pin=IC16-2
Added Pin To Net: NetName=NetC399_2 Pin=IC16-5
Change Net Name : Old Net Name=VCC5P0_USB New Net Name=VBUS
Added Member To Class: ClassName=USB3_0_Device Member=Component C399 4.7uF, 10V
Added Member To Class: ClassName=USB3_0_Device Member=Component C400 4.7uF, 10V
Added Member To Class: ClassName=USB3_0_Device Member=Component IC16 TPS70950
Added Member To Class: ClassName=USB3_0_Device Member=Component R185 0R
