Added Component: Designator=IC1(LMS7002M_v3)
Added Component: Designator=IC2(24FC512)
Added Component: Designator=IC3(24FC512)
Added Component: Designator=IC4(SKY13323-378LF)
Added Component: Designator=IC5(SKY13323-378LF)
Added Component: Designator=IC6(SKY13323-378LF)
Added Component: Designator=IC7(SKY13323-378LF)
Added Component: Designator=IC8(FBGA484_A-240)
Added Component: Designator=IC9(TS3A5018PWR)
Added Component: Designator=IC10(M25P40-VMN6TPB_SO8N)
Added Component: Designator=IC11(AS4C64M16D2)
Added Component: Designator=IC12(AS4C64M16D2)
Added Component: Designator=IC13(CYP-BZX121)
Added Component: Designator=IC14(SP3010-04UTG)
Added Component: Designator=IC16(FPF3042)
Added Component: Designator=IC17(HWSON8_LM75)
Added Component: Designator=IC18(MAX7322ATE_QFN16)
Added Component: Designator=IC19(M25P40-VMN6TPB_SO8N)
Added Component: Designator=IC20(LMK00105SQ)
Added Component: Designator=IC21(NC7SV74K8XCT)
Added Component: Designator=IC22(AD5601_SOT23-6)
Added Component: Designator=IC23(ADF4002)
Added Component: Designator=IC24(Si5351C_20QFN)
Added Component: Designator=IC26(AP7361)
Added Component: Designator=IC27(ADP2386)
Added Component: Designator=IC28(AP7361)
Added Component: Designator=IC29(MSOP10)
Added Component: Designator=IC30(AP7361)
Added Component: Designator=IC31(ADP2386)
Added Component: Designator=IC32(AP7361)
Added Component: Designator=IC33(AP7361)
Added Component: Designator=IC34(AP7361)
Added Component: Designator=IC35(TO-263-5_v2)
Added Component: Designator=IC36(SPX3819R2-L/TR)
Added Component: Designator=IC37(WQFN-24)
Added Component: Designator=IC38(TS5A23157)
Added Component: Designator=IC39(24FC512)
Added Component: Designator=IC40(SC18IS602B_TSSOP16)
