Added Component: Designator=C1(CAP0402)
Added Component: Designator=C2(CAP0402)
Added Component: Designator=C3(CAP0402)
Added Component: Designator=C4(CAP0402)
Added Component: Designator=C5(CAP0402)
Added Component: Designator=C6(CAP0402)
Added Component: Designator=C7(CAP0402)
Added Component: Designator=C8(CAP0402)
Added Component: Designator=C9(CAP0402)
Added Component: Designator=C10(CAP0402)
Added Component: Designator=C11(CAP0402)
Added Component: Designator=C12(CAP0402)
Added Component: Designator=C13(CAP0402)
Added Component: Designator=C14(CAP0402)
Added Component: Designator=C15(CAP0402)
Added Component: Designator=C16(CAP0402)
Added Component: Designator=C17(CAP0402)
Added Component: Designator=C18(CAP0402)
Added Component: Designator=C19(CAP0402)
Added Component: Designator=C20(CAP0402)
Added Component: Designator=C21(CAP0402)
Added Component: Designator=C22(CAP0402)
Added Component: Designator=C23(CAP0402)
Added Component: Designator=C24(CAP0402)
Added Component: Designator=C25(CAP0402)
Added Component: Designator=C26(CAP0402)
Added Component: Designator=C27(CAP0402)
Added Component: Designator=C28(CAP0402)
Added Component: Designator=C29(CAP0402)
Added Component: Designator=C30(CAP0402)
Added Component: Designator=C31(CAP0402)
Added Component: Designator=C32(CAP0402)
Added Component: Designator=C33(CAP0402)
Added Component: Designator=C34(CAP0402)
Added Component: Designator=C35(CAP0402)
Added Component: Designator=C36(CAP0402)
Added Component: Designator=C37(CAP0402)
Added Component: Designator=C38(CAP0402)
Added Component: Designator=C39(CAP0402)
Added Component: Designator=C40(CAP0402)
Added Component: Designator=C41(CAP0402)
Added Component: Designator=C42(CAP0402)
Added Component: Designator=C43(CAP0402)
Added Component: Designator=C44(CAP0201)
Added Component: Designator=C45(CAP0201)
Added Component: Designator=C46(CAP0201)
Added Component: Designator=C47(CAP0201)
Added Component: Designator=C48(CAP0201)
Added Component: Designator=C49(CAP0201)
Added Component: Designator=C50(CAP0201)
Added Component: Designator=C51(CAP0201)
Added Component: Designator=C52(CAP0201)
Added Component: Designator=C53(CAP0201)
Added Component: Designator=C54(CAP0201)
Added Component: Designator=C55(CAP0201)
Added Component: Designator=C56(CAP0201)
Added Component: Designator=C57(CAP0201)
Added Component: Designator=C58(CAP0201)
Added Component: Designator=C59(CAP0201)
Added Component: Designator=C60(CAP0201)
Added Component: Designator=C61(CAP0201)
Added Component: Designator=C62(CAP0201)
Added Component: Designator=C63(CAP0201)
Added Component: Designator=C64(CAP0201)
Added Component: Designator=C65(CAP0201)
Added Component: Designator=C66(CAP0201)
Added Component: Designator=C67(CAP0201)
Added Component: Designator=C68(CAP0201)
Added Component: Designator=C69(CAP0201)
Added Component: Designator=C70(CAP0201)
Added Component: Designator=C71(CAP0201)
Added Component: Designator=C72(CAP0201)
Added Component: Designator=C73(CAP0201)
Added Component: Designator=C74(CAP0201)
Added Component: Designator=C75(CAP0201)
Added Component: Designator=C76(CAP0201)
Added Component: Designator=C77(CAP0201)
Added Component: Designator=C78(CAP0201)
Added Component: Designator=C79(CAP0201)
Added Component: Designator=C80(CAP0201)
Added Component: Designator=C81(CAP0201)
Added Component: Designator=C82(CAP0201)
Added Component: Designator=C83(CAP0201)
Added Component: Designator=C84(CAP0201)
Added Component: Designator=C85(CAP0201)
Added Component: Designator=C86(CAP0201)
Added Component: Designator=C87(CAP0201)
Added Component: Designator=C88(CAP0201)
Added Component: Designator=C89(CAP0201)
Added Component: Designator=C90(CAP0201)
Added Component: Designator=C91(CAP0201)
Added Component: Designator=C92(CAP0201)
Added Component: Designator=C93(CAP0201)
Added Component: Designator=C94(CAP0201)
Added Component: Designator=C95(CAP0201)
Added Component: Designator=C96(CAP0201)
Added Component: Designator=C97(CAP0201)
Added Component: Designator=C98(CAP0201)
Added Component: Designator=C99(CAP0201)
Added Component: Designator=C100(CAP0201)
Added Component: Designator=C101(CAP0201)
Added Component: Designator=C102(CAP0201)
Added Component: Designator=C103(CAP0402)
Added Component: Designator=C104(CAP0402)
Added Component: Designator=C105(CAP0402)
Added Component: Designator=C106(CAP0402)
Added Component: Designator=C107(CAP0402)
Added Component: Designator=C108(CAP0402)
Added Component: Designator=C109(CAP0402)
Added Component: Designator=C110(CAP0402)
Added Component: Designator=C111(CAP0402)
Added Component: Designator=C112(CAP0402)
Added Component: Designator=C113(CAP0402)
Added Component: Designator=C114(CAP0402)
Added Component: Designator=C115(CAP1206)
Added Component: Designator=C116(CAP0603)
Added Component: Designator=C117(CAP0402)
Added Component: Designator=C118(CAP0402)
Added Component: Designator=C119(CAP0402)
Added Component: Designator=C120(CAP1206)
Added Component: Designator=C121(CAP0603)
Added Component: Designator=C122(CAP0402)
Added Component: Designator=C123(CAP0402)
Added Component: Designator=C124(CAP0402)
Added Component: Designator=C125(CAP0402)
Added Component: Designator=C126(CAP1206)
Added Component: Designator=C127(CAP1206)
Added Component: Designator=C128(CAP0603)
Added Component: Designator=C129(CAP0402)
Added Component: Designator=C130(CAP0402)
Added Component: Designator=C131(CAP0402)
Added Component: Designator=C132(CAP1206)
Added Component: Designator=C133(CAP0603)
Added Component: Designator=C134(CAP0402)
Added Component: Designator=C135(CAP0402)
Added Component: Designator=C136(CAP0402)
Added Component: Designator=C137(CAP1206)
Added Component: Designator=C138(CAP0603)
Added Component: Designator=C139(CAP0402)
Added Component: Designator=C140(CAP0402)
Added Component: Designator=C141(CAP0402)
Added Component: Designator=C142(CAP1206)
Added Component: Designator=C143(CAP0603)
Added Component: Designator=C144(CAP0402)
Added Component: Designator=C145(CAP0402)
Added Component: Designator=C146(CAP0402)
Added Component: Designator=C147(CAP0402)
Added Component: Designator=C148(CAP0402)
Added Component: Designator=C149(CAP0402)
Added Component: Designator=C150(CAP0402)
Added Component: Designator=C151(CAP0402)
Added Component: Designator=C152(CAP0402)
Added Component: Designator=C153(CAP0402)
Added Component: Designator=C154(CAP0402)
Added Component: Designator=C155(CAP0402)
Added Component: Designator=C156(CAP0402)
Added Component: Designator=C157(CAP0402)
Added Component: Designator=C158(CAP0402)
Added Component: Designator=C159(CAP0402)
Added Component: Designator=C160(CAP0402)
Added Component: Designator=C161(CAP0402)
Added Component: Designator=C162(CAP0402)
Added Component: Designator=C163(CAP0402)
Added Component: Designator=C164(CAP0402)
Added Component: Designator=C165(CAP0402)
Added Component: Designator=C166(CAP0402)
Added Component: Designator=C167(CAP0402)
Added Component: Designator=C168(CAP0402)
Added Component: Designator=C169(CAP0402)
Added Component: Designator=C170(CAP0402)
Added Component: Designator=C171(CAP0402)
Added Component: Designator=C172(CAP0402)
Added Component: Designator=C173(CAP0402)
Added Component: Designator=C174(CAP0402)
Added Component: Designator=C175(CAP0402)
Added Component: Designator=C176(CAP0402)
Added Component: Designator=C177(CAP0402)
Added Component: Designator=C178(CAP0402)
Added Component: Designator=C179(CAP0402)
Added Component: Designator=C180(CAP0402)
Added Component: Designator=C181(CAP0402)
Added Component: Designator=C182(CAP0402)
Added Component: Designator=C183(CAP0402)
Added Component: Designator=C184(CAP0402)
Added Component: Designator=C185(CAP0402)
Added Component: Designator=C186(CAP0402)
Added Component: Designator=C187(CAP0402)
Added Component: Designator=C188(CAP0402)
Added Component: Designator=C189(CAP0402)
Added Component: Designator=C190(CAP0402)
Added Component: Designator=C191(CAP0402)
Added Component: Designator=C192(CAP0402)
Added Component: Designator=C193(CAP0402)
Added Component: Designator=C194(CAP0402)
Added Component: Designator=C195(CAP0402)
Added Component: Designator=C196(CAP0402)
Added Component: Designator=C197(CAP0402)
Added Component: Designator=C198(CAP0402)
Added Component: Designator=C199(CAP0402)
Added Component: Designator=C200(CAP0402)
Added Component: Designator=C201(CAP0402)
Added Component: Designator=C202(CAP0402)
Added Component: Designator=C203(CAP0402)
Added Component: Designator=C204(CAP0402)
Added Component: Designator=C205(CAP0402)
Added Component: Designator=C206(CAP0402)
Added Component: Designator=C207(CAP0402)
Added Component: Designator=C208(CAP0402)
Added Component: Designator=C209(CAP0402)
Added Component: Designator=C210(CAP0402)
Added Component: Designator=C211(CAP0402)
Added Component: Designator=C212(CAP0402)
Added Component: Designator=C213(CAP0402)
Added Component: Designator=C214(CAP0402)
Added Component: Designator=C215(CAP0402)
Added Component: Designator=C216(CAP0402)
Added Component: Designator=C217(CAP0402)
Added Component: Designator=C218(CAP0402)
Added Component: Designator=C219(CAP0402)
Added Component: Designator=C220(CAP0402)
Added Component: Designator=C221(CAP0402)
Added Component: Designator=C222(CAP0402)
Added Component: Designator=C223(CAP0402)
Added Component: Designator=C224(CAP0402)
Added Component: Designator=C225(CKCA43X7R1C104M100AA)
Added Component: Designator=C226(CAP0402)
Added Component: Designator=C227(CAP0402)
Added Component: Designator=C228(CAP0402)
Added Component: Designator=C229(CAP0402)
Added Component: Designator=C230(CKCA43X7R1C104M100AA)
Added Component: Designator=C231(CKCA43X7R1C104M100AA)
Added Component: Designator=C232(CAP0402)
Added Component: Designator=C233(CAP0402)
Added Component: Designator=C234(CAP0402)
Added Component: Designator=C235(CAP0402)
Added Component: Designator=C236(CAP0402)
Added Component: Designator=C237(CAP0402)
Added Component: Designator=C238(CAP0402)
Added Component: Designator=C239(CAP0402)
Added Component: Designator=C240(CAP0603)
Added Component: Designator=C241(CAP0402)
Added Component: Designator=C242(CAP0402)
Added Component: Designator=C243(CAP0402)
Added Component: Designator=C244(CAP0402)
Added Component: Designator=C245(CAP1206)
Added Component: Designator=C246(CAP0402)
Added Component: Designator=C247(CAP0402)
Added Component: Designator=C248(CAP0402)
Added Component: Designator=C249(CAP0402)
Added Component: Designator=C250(CKCA43X7R1C104M100AA)
Added Component: Designator=C251(CAP0402)
Added Component: Designator=C252(CAP0402)
Added Component: Designator=C253(CAP0402)
Added Component: Designator=C254(CAP0402)
Added Component: Designator=C255(CKCA43X7R1C104M100AA)
Added Component: Designator=C256(CKCA43X7R1C104M100AA)
Added Component: Designator=C257(CAP0402)
Added Component: Designator=C258(CAP0402)
Added Component: Designator=C259(CAP0402)
Added Component: Designator=C260(CAP0402)
Added Component: Designator=C261(CAP0402)
Added Component: Designator=C262(CAP0402)
Added Component: Designator=C263(CAP0402)
Added Component: Designator=C264(CAP0402)
Added Component: Designator=C265(CAP0603)
Added Component: Designator=C266(CAP0402)
Added Component: Designator=C267(CAP0402)
Added Component: Designator=C268(CAP0402)
Added Component: Designator=C269(CAP0402)
Added Component: Designator=C270(CAP0402)
Added Component: Designator=C271(CAP0402)
Added Component: Designator=C272(CAP0402)
Added Component: Designator=C273(CAP0603)
Added Component: Designator=C274(CAP0402)
Added Component: Designator=C275(CAP0402)
Added Component: Designator=C276(CAP0603)
Added Component: Designator=C277(CAP0402)
Added Component: Designator=C278(CAP0402)
Added Component: Designator=C279(CAP0402)
Added Component: Designator=C280(CAP0402)
Added Component: Designator=C281(CAP0402)
Added Component: Designator=C282(CAP0402)
Added Component: Designator=C283(CAP0402)
Added Component: Designator=C284(CAP0402)
Added Component: Designator=C285(CAP0603)
Added Component: Designator=C286(CAP0402)
Added Component: Designator=C287(CAP0402)
Added Component: Designator=C288(CAP0603)
Added Component: Designator=C289(CAP0402)
Added Component: Designator=C290(CAP0402)
Added Component: Designator=C291(CAP0402)
Added Component: Designator=C292(CAP0402)
Added Component: Designator=C293(CAP0603)
Added Component: Designator=C294(CAP0603)
Added Component: Designator=C295(CAP0402)
Added Component: Designator=C296(CAP0402)
Added Component: Designator=C297(CAP0603)
Added Component: Designator=C298(CAP0402)
Added Component: Designator=C299(CAP0603)
Added Component: Designator=C300(CAP0402)
Added Component: Designator=C301(CAP0402)
Added Component: Designator=C302(CAP0402)
Added Component: Designator=C303(CAP0402)
Added Component: Designator=C304(CAP0402)
Added Component: Designator=C305(CAP0402)
Added Component: Designator=C306(CAP0402)
Added Component: Designator=C307(CAP0402)
Added Component: Designator=C308(CAP0402)
Added Component: Designator=C309(CAP0402)
Added Component: Designator=C310(CAP0402)
Added Component: Designator=C311(CAP0402)
Added Component: Designator=C312(CAP0402)
Added Component: Designator=C313(CAP0402)
Added Component: Designator=C314(CAP0402)
Added Component: Designator=C315(CAP0402)
Added Component: Designator=C316(CAP0603)
Added Component: Designator=C317(CAP0603)
Added Component: Designator=C318(CAP0603)
Added Component: Designator=C319(CAP0603)
Added Component: Designator=C320(CAP0603)
Added Component: Designator=C321(CAP0402)
Added Component: Designator=C322(CAP0402)
Added Component: Designator=C323(CAP0402)
Added Component: Designator=C324(CAP0402)
Added Component: Designator=C325(CAP0402)
Added Component: Designator=C326(CAP0402)
Added Component: Designator=C327(CAP0402)
Added Component: Designator=C328(CAP0402)
Added Component: Designator=C329(CAP0402)
Added Component: Designator=C330(CAP0402)
Added Component: Designator=C331(CAP0402)
Added Component: Designator=C332(CAP0402)
Added Component: Designator=C333(CAP0402)
Added Component: Designator=C334(CAP0402)
Added Component: Designator=C335(CAP0402)
Added Component: Designator=C336(CAP0402)
Added Component: Designator=C337(CAP0402)
Added Component: Designator=C338(CAP0402)
Added Component: Designator=C339(CAP0402)
Added Component: Designator=C340(CAP0402)
Added Component: Designator=C341(CAP0402)
Added Component: Designator=C342(CAP0402)
Added Component: Designator=C343(CAP0402)
Added Component: Designator=C344(CAP0402)
Added Component: Designator=C345(CAP0402)
Added Component: Designator=C346(CAP0402)
Added Component: Designator=C347(CAP0402)
Added Component: Designator=C348(CAP0402)
Added Component: Designator=C349(CAP0402)
Added Component: Designator=C350(CAP0402)
Added Component: Designator=C351(CAP0402)
Added Component: Designator=C352(CAP0402)
Added Component: Designator=C353(CAP0402)
Added Component: Designator=C354(CAP0402)
Added Component: Designator=C355(CAP0402)
Added Component: Designator=C356(CAP0402)
Added Component: Designator=C357(CAP0402)
Added Component: Designator=C358(CAP0402)
Added Component: Designator=C359(CAP0402)
Added Component: Designator=C360(CAP0402)
Added Component: Designator=C361(CAP0402)
Added Component: Designator=C362(CAP0402)
Added Component: Designator=C363(CAP0402)
Added Component: Designator=C364(CAP0402)
Added Component: Designator=C365(CAP0402)
Added Component: Designator=C366(CAP0402)
Added Component: Designator=C367(CAP0402)
Added Component: Designator=C368(CAP0402)
Added Component: Designator=C369(CAP0603)
Added Component: Designator=C370(CAP0603)
Added Component: Designator=C371(CAP0402)
Added Component: Designator=C372(CAP0402)
Added Component: Designator=C373(CAP0402)
Added Component: Designator=C374(CAP0402)
Added Component: Designator=C375(CAP0402)
Added Component: Designator=C376(CAP0402)
Added Component: Designator=C377(CAP0402)
Added Component: Designator=C378(CAP0402)
Added Component: Designator=C379(CAP0603)
Added Component: Designator=C380(CAP0402)
Added Component: Designator=C381(CAP0402)
Added Component: Designator=C382(CAP0402)
Added Component: Designator=C383(CAP0402)
Added Component: Designator=C384(CAP0402)
Added Component: Designator=C385(CAP1206)
Added Component: Designator=C386(CAP1206)
Added Component: Designator=C387(CAP0603)
Added Component: Designator=C388(CAP0402)
Added Component: Designator=C389(CAP0402)
Added Component: Designator=C390(CAP0402)
Added Component: Designator=C391(CAP0402)
Added Component: Designator=C392(CAP0603)
Added Component: Designator=C393(CAP0603)
Added Component: Designator=C394(CAP0402)
Added Component: Designator=C395(CAP0402)
Added Component: Designator=C396(CAP0402)
Added Component: Designator=C397(CAP0402)
Added Component: Designator=C398(CAP0402)
Added Component: Designator=C399(CAP0402)
Added Component: Designator=C400(CAP0603)
Added Component: Designator=C401(CAP0402)
Added Component: Designator=C402(CAP0402)
Added Component: Designator=C403(CAP0402)
Added Component: Designator=C404(CAP0402)
Added Component: Designator=C405(CAP0402)
Added Component: Designator=C406(CAP1206)
Added Component: Designator=C407(CAP1206)
Added Component: Designator=C408(CAP0402)
Added Component: Designator=C409(CAP0402)
Added Component: Designator=C410(CAP0402)
Added Component: Designator=C411(CAP0402)
Added Component: Designator=C412(CAP0402)
Added Component: Designator=C413(CAP0402)
Added Component: Designator=C414(CAP0402)
Added Component: Designator=C415(CAP0603)
Added Component: Designator=C416(CAP0603)
Added Component: Designator=C417(CAP0603)
Added Component: Designator=C418(CAP0402)
Added Component: Designator=C419(CAP0603)
Added Component: Designator=C420(CAP0603)
Added Component: Designator=C421(CAP0603)
Added Component: Designator=C422(CAP0402)
Added Component: Designator=C423(CAP0402)
Added Component: Designator=C424(CAP0402)
Added Component: Designator=C425(CAP0603)
Added Component: Designator=C426(CAP0603)
Added Component: Designator=C427(CAP0402)
Added Component: Designator=C428(CAP0603)
Added Component: Designator=C429(CAP0603)
Added Component: Designator=C430(CAP0402)
Added Component: Designator=C431(CAP0402)
Added Component: Designator=C432(CAP0402)
Added Component: Designator=C433(CAP0402)
Added Component: Designator=F1(Fiducial)
Added Component: Designator=F2(Fiducial)
Added Component: Designator=F3(Fiducial)
Added Component: Designator=F4(Fiducial)
Added Component: Designator=FR1(RES0201)
Added Component: Designator=FR2(RES0201)
Added Component: Designator=FR3(RES0201)
Added Component: Designator=FR4(RES0201)
Added Component: Designator=FR5(RES0201)
Added Component: Designator=FR6(RES0201)
Added Component: Designator=FR7(RES0201)
Added Component: Designator=FR8(RES0201)
Added Component: Designator=FR9(RES0201)
Added Component: Designator=FR10(RES0201)
Added Component: Designator=FR11(RES0201)
Added Component: Designator=FR12(RES0201)
Added Component: Designator=FR13(RES0201)
Added Component: Designator=FR14(RES0201)
Added Component: Designator=FR15(RES0201)
Added Component: Designator=FR16(RES0201)
Added Component: Designator=FR17(RES0201)
Added Component: Designator=FR18(RES0201)
Added Component: Designator=FR19(RES0201)
Added Component: Designator=FR20(RES0201)
Added Component: Designator=FR21(RES0201)
Added Component: Designator=FR22(RES0201)
Added Component: Designator=FR23(RES0201)
Added Component: Designator=FR24(RES0201)
Added Component: Designator=FR25(RES0201)
Added Component: Designator=FR26(RES0201)
Added Component: Designator=FR27(RES0201)
Added Component: Designator=FR28(RES0201)
Added Component: Designator=FR29(RES0201)
Added Component: Designator=FR30(RES0201)
Added Component: Designator=FR31(RES0201)
Added Component: Designator=FR32(RES0201)
Added Component: Designator=FR33(RES0201)
Added Component: Designator=FR34(RES0201)
Added Component: Designator=FR35(RES0201)
Added Component: Designator=FR36(RES0805)
Added Component: Designator=FR37(RES0805)
Added Component: Designator=FR38(RES0201)
Added Component: Designator=FR39(RES0201)
Added Component: Designator=FR40(RES0805)
Added Component: Designator=FR41(RES0805)
Added Component: Designator=FR42(RES0805)
Added Component: Designator=FR43(RES0805)
Added Component: Designator=FR44(RES0805)
Added Component: Designator=FR45(RES0805)
Added Component: Designator=FR46(RES0805)
Added Component: Designator=FR47(RES0805)
Added Component: Designator=FR48(RES0805)
Added Component: Designator=FR49(RES0805)
Added Component: Designator=FR50(RES0805)
Added Component: Designator=FR51(RES0805)
Added Component: Designator=FR52(RES0805)
Added Component: Designator=FR53(RES0805)
Added Component: Designator=FR54(RES0805)
Added Component: Designator=FR55(RES0201)
Added Component: Designator=FR56(RES0805)
Added Component: Designator=FR57(RES0805)
Added Component: Designator=FR58(RES0805)
Added Component: Designator=FR59(RES0805)
Added Component: Designator=FR60(RES0805)
Added Component: Designator=FR61(RES0805)
Added Component: Designator=FR62(RES0805)
Added Component: Designator=FR63(RES0805)
Added Component: Designator=IC1(LMS7002M_v3)
Added Component: Designator=IC2(24FC512)
Added Component: Designator=IC3(24FC512)
Added Component: Designator=IC4(SKY13323-378LF)
Added Component: Designator=IC5(SKY13323-378LF)
Added Component: Designator=IC6(SKY13323-378LF)
Added Component: Designator=IC7(SKY13323-378LF)
Added Component: Designator=IC8(FBGA484_A-240)
Added Component: Designator=IC9(TS3A5018PWR)
Added Component: Designator=IC10(M25P40-VMN6TPB_SO8N)
Added Component: Designator=IC11(AS4C64M16D2)
Added Component: Designator=IC12(AS4C64M16D2)
Added Component: Designator=IC13(CYP-BZX121)
Added Component: Designator=IC14(SP3010-04UTG)
Added Component: Designator=IC16(FPF3042)
Added Component: Designator=IC17(HWSON8_LM75)
Added Component: Designator=IC18(MAX7322ATE_QFN16)
Added Component: Designator=IC19(M25P40-VMN6TPB_SO8N)
Added Component: Designator=IC20(LMK00105SQ)
Added Component: Designator=IC21(NC7SV74K8XCT)
Added Component: Designator=IC22(AD5601_SOT23-6)
Added Component: Designator=IC23(ADF4002)
Added Component: Designator=IC24(Si5351C_20QFN)
Added Component: Designator=IC26(AP7361)
Added Component: Designator=IC27(ADP2386)
Added Component: Designator=IC28(AP7361)
Added Component: Designator=IC29(MSOP10)
Added Component: Designator=IC30(AP7361)
Added Component: Designator=IC31(ADP2386)
Added Component: Designator=IC32(AP7361)
Added Component: Designator=IC33(AP7361)
Added Component: Designator=IC34(AP7361)
Added Component: Designator=IC35(TO-263-5_v2)
Added Component: Designator=IC36(SPX3819R2-L/TR)
Added Component: Designator=IC37(WQFN-24)
Added Component: Designator=IC38(TS5A23157)
Added Component: Designator=IC39(24FC512)
Added Component: Designator=IC40(SC18IS602B_TSSOP16)
Added Component: Designator=J1(MMCX_UFL_conn_u)
Added Component: Designator=J2(MMCX_UFL_conn_u)
Added Component: Designator=J3(MMCX_UFL_conn_u)
Added Component: Designator=J4(MMCX_UFL_conn_u)
Added Component: Designator=J5(MMCX_UFL_conn_u)
Added Component: Designator=J6(MMCX_UFL_conn_u)
Added Component: Designator=J7(MMCX_UFL_conn_u)
Added Component: Designator=J8(MMCX_UFL_conn_u)
Added Component: Designator=J9(MMCX_UFL_conn_u)
Added Component: Designator=J10(MMCX_UFL_conn_u)
Added Component: Designator=J11(SWD_10_pin)
Added Component: Designator=J12(SWD_10_pin)
Added Component: Designator=J13(HDR_1x2)
Added Component: Designator=J14(HDR_1x2_HALF_PITCH)
Added Component: Designator=J15(microUSB3B_SM_v2)
Added Component: Designator=J16(SWD_10_pin)
Added Component: Designator=J17(CONN_PWR_JACK_v4)
Added Component: Designator=J18(MMCX_UFL_conn_u)
Added Component: Designator=J19(MMCX_UFL_conn_u)
Added Component: Designator=J20(HDR_1x3)
Added Component: Designator=J21(HDR_1x2_HALF_PITCH)
Added Component: Designator=JMP1(MECH_JUMPER_HALF_PITCH)
Added Component: Designator=L1(FDVE1040_TOKO_INDUCTOR)
Added Component: Designator=L2(FDVE1040_TOKO_INDUCTOR)
Added Component: Designator=LED1(LED-2x0603)
Added Component: Designator=LED2(LED-2x0603)
Added Component: Designator=LED7(LED-2x0603)
Added Component: Designator=LED8(LED-2x0603)
Added Component: Designator=LED9(LED-0603-GREEN)
Added Component: Designator=LEDS1(LED_STANDOFF_H-201C)
Added Component: Designator=LEDS2(LED_STANDOFF_H-201C)
Added Component: Designator=MECH1(PCB_standoff)
Added Component: Designator=MECH2(PCB_standoff)
Added Component: Designator=MECH3(PCB_standoff)
Added Component: Designator=MECH4(PCB_standoff)
Added Component: Designator=MN1(RES0805)
Added Component: Designator=MN2(RES0805)
Added Component: Designator=MN3(RES0402)
Added Component: Designator=MN4(RES0402)
Added Component: Designator=MN5(CAP0402)
Added Component: Designator=MN6(CAP0402)
Added Component: Designator=MN7(CAP0402)
Added Component: Designator=MN8(CAP0402)
Added Component: Designator=MN9(RES0805)
Added Component: Designator=MN10(RES0805)
Added Component: Designator=MN11(RES0402)
Added Component: Designator=MN12(RES0402)
Added Component: Designator=MN13(CAP0402)
Added Component: Designator=MN14(CAP0402)
Added Component: Designator=MN15(CAP0402)
Added Component: Designator=MN16(CAP0402)
Added Component: Designator=MN17(CAP0402)
Added Component: Designator=MN18(RES0402)
Added Component: Designator=MN19(CAP0402)
Added Component: Designator=MN20(CAP0402)
Added Component: Designator=MN21(CAP0402)
Added Component: Designator=MN22(CAP0402)
Added Component: Designator=MN23(CAP0402)
Added Component: Designator=MN24(CAP0402)
Added Component: Designator=MN25(CAP0402)
Added Component: Designator=MN26(RES0402)
Added Component: Designator=MN27(CAP0402)
Added Component: Designator=MN28(CAP0402)
Added Component: Designator=MN29(RES0805)
Added Component: Designator=MN30(RES0805)
Added Component: Designator=MN31(RES0402)
Added Component: Designator=MN32(RES0402)
Added Component: Designator=MN33(CAP0402)
Added Component: Designator=MN34(CAP0402)
Added Component: Designator=MN35(CAP0402)
Added Component: Designator=MN36(CAP0402)
Added Component: Designator=MN37(RES0805)
Added Component: Designator=MN38(RES0805)
Added Component: Designator=MN39(RES0402)
Added Component: Designator=MN40(RES0402)
Added Component: Designator=MN41(CAP0402)
Added Component: Designator=MN42(CAP0402)
Added Component: Designator=MN43(CAP0402)
Added Component: Designator=MN44(CAP0402)
Added Component: Designator=MN45(CAP0402)
Added Component: Designator=MN46(RES0402)
Added Component: Designator=MN47(CAP0402)
Added Component: Designator=MN48(CAP0402)
Added Component: Designator=MN49(CAP0402)
Added Component: Designator=MN50(CAP0402)
Added Component: Designator=MN51(CAP0402)
Added Component: Designator=MN52(CAP0402)
Added Component: Designator=MN53(CAP0402)
Added Component: Designator=MN54(RES0402)
Added Component: Designator=MN55(CAP0402)
Added Component: Designator=MN56(CAP0402)
Added Component: Designator=NT1(NetTie_Wide2)
Added Component: Designator=R1(RES0402)
Added Component: Designator=R2(RES0402)
Added Component: Designator=R3(RES0402)
Added Component: Designator=R4(RES0402)
Added Component: Designator=R5(RES0402)
Added Component: Designator=R6(RES0402)
Added Component: Designator=R7(RES0402)
Added Component: Designator=R8(RES0402)
Added Component: Designator=R9(RES0402)
Added Component: Designator=R10(RES0402)
Added Component: Designator=R11(RES0402)
Added Component: Designator=R12(RES0402)
Added Component: Designator=R13(RES0402)
Added Component: Designator=R14(RES0402)
Added Component: Designator=R15(RES0402)
Added Component: Designator=R16(RES0402)
Added Component: Designator=R17(RES0402)
Added Component: Designator=R18(RES0402)
Added Component: Designator=R19(RES0402)
Added Component: Designator=R20(RES0402)
Added Component: Designator=R21(RES0402)
Added Component: Designator=R22(RES0402)
Added Component: Designator=R23(RES0402)
Added Component: Designator=R24(RES0402)
Added Component: Designator=R25(RES0402)
Added Component: Designator=R26(RES0402)
Added Component: Designator=R27(RES0402)
Added Component: Designator=R28(RES0402)
Added Component: Designator=R29(RES0402)
Added Component: Designator=R30(RES0402)
Added Component: Designator=R31(RES0201)
Added Component: Designator=R32(RES0201)
Added Component: Designator=R33(RES0201)
Added Component: Designator=R34(RES0201)
Added Component: Designator=R35(RES0201)
Added Component: Designator=R36(RES0201)
Added Component: Designator=R37(RES0201)
Added Component: Designator=R38(RES0201)
Added Component: Designator=R39(RES0201)
Added Component: Designator=R40(RES0201)
Added Component: Designator=R41(RES0201)
Added Component: Designator=R42(RES0402)
Added Component: Designator=R43(RES0402)
Added Component: Designator=R44(RES0402)
Added Component: Designator=R45(RES0402)
Added Component: Designator=R46(RES0402)
Added Component: Designator=R47(RES0402)
Added Component: Designator=R48(RES0402)
Added Component: Designator=R49(RES0402)
Added Component: Designator=R50(RES0402)
Added Component: Designator=R51(RES0402)
Added Component: Designator=R52(RES0402)
Added Component: Designator=R53(RES0402)
Added Component: Designator=R54(RES0402)
Added Component: Designator=R55(RES0402)
Added Component: Designator=R56(RES0402)
Added Component: Designator=R57(RES0402)
Added Component: Designator=R58(RES0402)
Added Component: Designator=R59(RES0402)
Added Component: Designator=R60(RES0402)
Added Component: Designator=R61(RES0402)
Added Component: Designator=R62(RES0402)
Added Component: Designator=R63(RES0402)
Added Component: Designator=R64(RES0402)
Added Component: Designator=R65(RES0402)
Added Component: Designator=R66(RES0402)
Added Component: Designator=R67(RES0402)
Added Component: Designator=R68(RES0402)
Added Component: Designator=R69(RES0402)
Added Component: Designator=R70(RES0402)
Added Component: Designator=R71(RES0402)
Added Component: Designator=R72(RES0402)
Added Component: Designator=R73(RES0402)
Added Component: Designator=R74(RES0402)
Added Component: Designator=R75(EXB2HV)
Added Component: Designator=R76(RES0402)
Added Component: Designator=R77(EXB2HV)
Added Component: Designator=R78(EXB2HV)
Added Component: Designator=R79(RES0402)
Added Component: Designator=R80(RES0402)
Added Component: Designator=R81(EXB2HV)
Added Component: Designator=R82(RES0402)
Added Component: Designator=R83(EXB2HV)
Added Component: Designator=R84(EXB2HV)
Added Component: Designator=R85(RES0402)
Added Component: Designator=R86(RES0402)
Added Component: Designator=R87(ChipResistorArray)
Added Component: Designator=R88(ChipResistorArray)
Added Component: Designator=R89(ChipResistorArray)
Added Component: Designator=R90(ChipResistorArray)
Added Component: Designator=R91(ChipResistorArray)
Added Component: Designator=R92(RES0402)
Added Component: Designator=R93(RES0402)
Added Component: Designator=R94(ChipResistorArray)
Added Component: Designator=R95(RES0402)
Added Component: Designator=R96(ChipResistorArray)
Added Component: Designator=R97(ChipResistorArray)
Added Component: Designator=R98(RES0402)
Added Component: Designator=R99(RES0402)
Added Component: Designator=R100(ChipResistorArray)
Added Component: Designator=R101(ChipResistorArray)
Added Component: Designator=R102(ChipResistorArray)
Added Component: Designator=R103(RES0402)
Added Component: Designator=R104(RES0402)
Added Component: Designator=R105(RES0402)
Added Component: Designator=R106(RES0402)
Added Component: Designator=R107(RES0402)
Added Component: Designator=R108(RES0402)
Added Component: Designator=R109(RES0402)
Added Component: Designator=R110(RES0402)
Added Component: Designator=R111(RES0402)
Added Component: Designator=R112(RES0402)
Added Component: Designator=R113(RES0402)
Added Component: Designator=R114(RES0402)
Added Component: Designator=R115(RES0402)
Added Component: Designator=R116(RES0402)
Added Component: Designator=R117(RES0402)
Added Component: Designator=R118(RES0402)
Added Component: Designator=R119(RES0402)
Added Component: Designator=R120(RES0402)
Added Component: Designator=R121(RES0402)
Added Component: Designator=R122(RES0805)
Added Component: Designator=R123(RES0402)
Added Component: Designator=R124(RES0402)
Added Component: Designator=R125(RES0402)
Added Component: Designator=R126(RES0402)
Added Component: Designator=R127(RES0402)
Added Component: Designator=R128(RES0402)
Added Component: Designator=R129(RES0402)
Added Component: Designator=R130(RES0402)
Added Component: Designator=R131(RES0402)
Added Component: Designator=R132(RES0402)
Added Component: Designator=R133(RES0402)
Added Component: Designator=R134(RES0402)
Added Component: Designator=R135(RES0402)
Added Component: Designator=R136(RES0402)
Added Component: Designator=R137(RES0402)
Added Component: Designator=R138(RES0402)
Added Component: Designator=R139(RES0402)
Added Component: Designator=R140(RES0402)
Added Component: Designator=R141(RES0402)
Added Component: Designator=R142(RES0402)
Added Component: Designator=R143(RES0402)
Added Component: Designator=R144(RES0402)
Added Component: Designator=R145(RES0402)
Added Component: Designator=R146(RES0402)
Added Component: Designator=R147(RES0402)
Added Component: Designator=R148(RES0402)
Added Component: Designator=R149(RES0402)
Added Component: Designator=R150(RES0402)
Added Component: Designator=R151(RES0402)
Added Component: Designator=R152(RES0402)
Added Component: Designator=R153(RES0402)
Added Component: Designator=R154(RES0402)
Added Component: Designator=R155(RES0402)
Added Component: Designator=R156(RES0402)
Added Component: Designator=R157(RES0402)
Added Component: Designator=R158(RES0402)
Added Component: Designator=R159(RES0402)
Added Component: Designator=R160(RES0402)
Added Component: Designator=R161(RES0402)
Added Component: Designator=R162(RES0402)
Added Component: Designator=R163(RES0402)
Added Component: Designator=R164(RES0402)
Added Component: Designator=R165(RES0402)
Added Component: Designator=R166(RES0402)
Added Component: Designator=R167(RES0402)
Added Component: Designator=R168(RES0402)
Added Component: Designator=R169(RES0402)
Added Component: Designator=R170(RES0402)
Added Component: Designator=R171(RES0402)
Added Component: Designator=R172(RES0402)
Added Component: Designator=R173(RES0402)
Added Component: Designator=R174(RES0402)
Added Component: Designator=R175(RES0402)
Added Component: Designator=R176(RES0402)
Added Component: Designator=R177(RES0402)
Added Component: Designator=R178(RES0402)
Added Component: Designator=R179(RES0402)
Added Component: Designator=R180(RES0402)
Added Component: Designator=R181(RES0402)
Added Component: Designator=R182(RES0402)
Added Component: Designator=R183(RES0402)
Added Component: Designator=R184(RES0402)
Added Component: Designator=R185(RES0402)
Added Component: Designator=R186(RES0402)
Added Component: Designator=R187(RES0402)
Added Component: Designator=R188(RES0402)
Added Component: Designator=R189(RES0402)
Added Component: Designator=R190(RES0402)
Added Component: Designator=R191(RES0402)
Added Component: Designator=R192(RES0402)
Added Component: Designator=R193(RES0402)
Added Component: Designator=R194(RES0402)
Added Component: Designator=R195(RES0402)
Added Component: Designator=R196(RES0402)
Added Component: Designator=R197(RES0402)
Added Component: Designator=R198(RES0402)
Added Component: Designator=R199(RES0402)
Added Component: Designator=R200(RES0402)
Added Component: Designator=R201(RES0402)
Added Component: Designator=R202(RES0402)
Added Component: Designator=R203(RES0402)
Added Component: Designator=R204(RES0402)
Added Component: Designator=R205(RES0402)
Added Component: Designator=R206(RES0402)
Added Component: Designator=R207(RES0402)
Added Component: Designator=R208(RES0402)
Added Component: Designator=R209(RES0402)
Added Component: Designator=R210(RES0402)
Added Component: Designator=R211(RES0402)
Added Component: Designator=R213(RES0402)
Added Component: Designator=R214(RES0402)
Added Component: Designator=R215(RES0402)
Added Component: Designator=R216(RES0402)
Added Component: Designator=R217(RES0402)
Added Component: Designator=R218(RES0402)
Added Component: Designator=RA1(RES0402)
Added Component: Designator=RA2(RES0402)
Added Component: Designator=RA3(RES0402)
Added Component: Designator=RA4(RES0402)
Added Component: Designator=RA5(RES0402)
Added Component: Designator=RA6(RES0402)
Added Component: Designator=RA7(RES0402)
Added Component: Designator=RA8(RES0402)
Added Component: Designator=SW1(SW_tactile)
Added Component: Designator=SW2(SW_tactile)
Added Component: Designator=T1(TC1-1-13MA+_v2)
Added Component: Designator=T2(TCM1-63AX+_v2)
Added Component: Designator=T3(TC1-1-13MA+_v2)
Added Component: Designator=T4(TCM1-63AX+_v2)
Added Component: Designator=T5(TC1-1-13MA+_v2)
Added Component: Designator=T6(TC1-1-13MA+_v2)
Added Component: Designator=T7(TCM1-63AX+_v2)
Added Component: Designator=T8(TC1-1-13MA+_v2)
Added Component: Designator=T9(TCM1-63AX+_v2)
Added Component: Designator=T10(TC1-1-13MA+_v2)
Added Component: Designator=T11(AT-2)
Added Component: Designator=VD1(DIODE_SMB)
Added Component: Designator=VT1(BF1105R_SOT143R4)
Added Component: Designator=VT2(BF1105R_SOT143R4)
Added Component: Designator=VT3(BF1105R_SOT143R4)
Added Component: Designator=VT4(BF1105R_SOT143R4)
Added Component: Designator=VT5(BF1105R_SOT143R4)
Added Component: Designator=VT6(BF1105R_SOT143R4)
Added Component: Designator=VT7(SOT23-3)
Added Component: Designator=XO1(RAKON_RPT7050A)
Added Component: Designator=XO2(RAKON_TXCO)
Added Component: Designator=XT1(CRYSTAL_4-LCC_v2)
Added Component: Designator=XT2(CRYSTAL_4-LCC)
